Using pre-set license
Built from '2021.3/staging' branch; Version is '2021.3.2f1 (d6360bedb9a0) revision 14038539'; Using compiler version '192829333'; Build Type 'Release'
OS: 'Windows 10  (10.0.19044) 64bit Core' Language: 'pt' Physical Memory: 16298 MB
BatchMode: 1, IsHumanControllingUs: 0, StartBugReporterOnCrash: 0, Is64bit: 1, IsPro: 1

COMMAND LINE ARGUMENTS:
C:\Program Files\Unity 2021.3.2f1\Editor\Unity.exe
-adb2
-batchMode
-noUpm
-name
AssetImportWorker3
-projectPath
C:/Users/dimas/Desktop/Unity games/GameStore/GameStore
-logFile
Logs/AssetImportWorker3.log
-srvPort
62423
Successfully changed project path to: C:/Users/dimas/Desktop/Unity games/GameStore/GameStore
C:/Users/dimas/Desktop/Unity games/GameStore/GameStore
[UnityMemory] Configuration Parameters - Can be set up in boot.config
    "memorysetup-bucket-allocator-granularity=16"
    "memorysetup-bucket-allocator-bucket-count=8"
    "memorysetup-bucket-allocator-block-size=33554432"
    "memorysetup-bucket-allocator-block-count=8"
    "memorysetup-main-allocator-block-size=16777216"
    "memorysetup-thread-allocator-block-size=16777216"
    "memorysetup-gfx-main-allocator-block-size=16777216"
    "memorysetup-gfx-thread-allocator-block-size=16777216"
    "memorysetup-cache-allocator-block-size=4194304"
    "memorysetup-typetree-allocator-block-size=2097152"
    "memorysetup-profiler-bucket-allocator-granularity=16"
    "memorysetup-profiler-bucket-allocator-bucket-count=8"
    "memorysetup-profiler-bucket-allocator-block-size=33554432"
    "memorysetup-profiler-bucket-allocator-block-count=8"
    "memorysetup-profiler-allocator-block-size=16777216"
    "memorysetup-profiler-editor-allocator-block-size=1048576"
    "memorysetup-temp-allocator-size-main=16777216"
    "memorysetup-job-temp-allocator-block-size=2097152"
    "memorysetup-job-temp-allocator-block-size-background=1048576"
    "memorysetup-job-temp-allocator-reduction-small-platforms=262144"
    "memorysetup-temp-allocator-size-background-worker=32768"
    "memorysetup-temp-allocator-size-job-worker=262144"
    "memorysetup-temp-allocator-size-preload-manager=33554432"
    "memorysetup-temp-allocator-size-nav-mesh-worker=65536"
    "memorysetup-temp-allocator-size-audio-worker=65536"
    "memorysetup-temp-allocator-size-cloud-worker=32768"
    "memorysetup-temp-allocator-size-gi-baking-worker=262144"
    "memorysetup-temp-allocator-size-gfx=262144"
Refreshing native plugins compatible for Editor in 111.17 ms, found 4 plugins.
Preloading 0 native plugins for Editor in 0.00 ms.
Initialize engine version: 2021.3.2f1 (d6360bedb9a0)
[Subsystems] Discovering subsystems at path C:/Program Files/Unity 2021.3.2f1/Editor/Data/Resources/UnitySubsystems
[Subsystems] Discovering subsystems at path C:/Users/dimas/Desktop/Unity games/GameStore/GameStore/Assets
GfxDevice: creating device client; threaded=0; jobified=0
Direct3D:
    Version:  Direct3D 11.0 [level 11.1]
    Renderer: NVIDIA GeForce GTX 1080 Ti (ID=0x1b06)
    Vendor:   NVIDIA
    VRAM:     11120 MB
    Driver:   31.0.15.2698
Initialize mono
Mono path[0] = 'C:/Program Files/Unity 2021.3.2f1/Editor/Data/Managed'
Mono path[1] = 'C:/Program Files/Unity 2021.3.2f1/Editor/Data/MonoBleedingEdge/lib/mono/unityjit-win32'
Mono config path = 'C:/Program Files/Unity 2021.3.2f1/Editor/Data/MonoBleedingEdge/etc'
Using monoOptions --debugger-agent=transport=dt_socket,embedding=1,server=y,suspend=n,address=127.0.0.1:56268
Begin MonoManager ReloadAssembly
Registering precompiled unity dll's ...
Register platform support module: C:/Program Files/Unity 2021.3.2f1/Editor/Data/PlaybackEngines/WindowsStandaloneSupport/UnityEditor.WindowsStandalone.Extensions.dll
Registered in 0.004127 seconds.
Native extension for WindowsStandalone target not found
Refreshing native plugins compatible for Editor in 94.43 ms, found 4 plugins.
Preloading 0 native plugins for Editor in 0.00 ms.
Mono: successfully reloaded assembly
- Completed reload, in  0.558 seconds
Domain Reload Profiling:
	ReloadAssembly (559ms)
		BeginReloadAssembly (63ms)
			ExecutionOrderSort (0ms)
			DisableScriptedObjects (0ms)
			BackupInstance (0ms)
			ReleaseScriptingObjects (0ms)
			CreateAndSetChildDomain (1ms)
		EndReloadAssembly (402ms)
			LoadAssemblies (62ms)
			RebuildTransferFunctionScriptingTraits (0ms)
			SetupTypeCache (86ms)
			ReleaseScriptCaches (0ms)
			RebuildScriptCaches (26ms)
			SetupLoadedEditorAssemblies (246ms)
				LogAssemblyErrors (0ms)
				InitializePlatformSupportModulesInManaged (6ms)
				SetLoadedEditorAssemblies (0ms)
				RefreshPlugins (94ms)
				BeforeProcessingInitializeOnLoad (1ms)
				ProcessInitializeOnLoadAttributes (104ms)
				ProcessInitializeOnLoadMethodAttributes (40ms)
				AfterProcessingInitializeOnLoad (0ms)
				EditorAssembliesLoaded (0ms)
			ExecutionOrderSort2 (0ms)
			AwakeInstancesAfterBackupRestoration (0ms)
Platform modules already initialized, skipping
Registering precompiled user dll's ...
Registered in 0.007629 seconds.
Begin MonoManager ReloadAssembly
Native extension for WindowsStandalone target not found
Refreshing native plugins compatible for Editor in 101.29 ms, found 4 plugins.
Preloading 0 native plugins for Editor in 0.00 ms.
Package Manager log level set to [2]
Mono: successfully reloaded assembly
- Completed reload, in  1.135 seconds
Domain Reload Profiling:
	ReloadAssembly (1136ms)
		BeginReloadAssembly (94ms)
			ExecutionOrderSort (0ms)
			DisableScriptedObjects (5ms)
			BackupInstance (0ms)
			ReleaseScriptingObjects (0ms)
			CreateAndSetChildDomain (17ms)
		EndReloadAssembly (938ms)
			LoadAssemblies (78ms)
			RebuildTransferFunctionScriptingTraits (0ms)
			SetupTypeCache (218ms)
			ReleaseScriptCaches (1ms)
			RebuildScriptCaches (58ms)
			SetupLoadedEditorAssemblies (532ms)
				LogAssemblyErrors (0ms)
				InitializePlatformSupportModulesInManaged (3ms)
				SetLoadedEditorAssemblies (0ms)
				RefreshPlugins (101ms)
				BeforeProcessingInitializeOnLoad (101ms)
				ProcessInitializeOnLoadAttributes (198ms)
				ProcessInitializeOnLoadMethodAttributes (121ms)
				AfterProcessingInitializeOnLoad (6ms)
				EditorAssembliesLoaded (0ms)
			ExecutionOrderSort2 (0ms)
			AwakeInstancesAfterBackupRestoration (9ms)
Platform modules already initialized, skipping
========================================================================
Worker process is ready to serve import requests
Launched and connected shader compiler UnityShaderCompiler.exe after 0.04 seconds
Refreshing native plugins compatible for Editor in 1.48 ms, found 4 plugins.
Preloading 0 native plugins for Editor in 0.00 ms.
Unloading 4600 Unused Serialized files (Serialized files now loaded: 0)
Unloading 78 unused Assets / (226.7 KB). Loaded Objects now: 5018.
Memory consumption went from 165.4 MB to 165.2 MB.
Total: 7.048200 ms (FindLiveObjects: 0.359800 ms CreateObjectMapping: 0.243400 ms MarkObjects: 6.293800 ms  DeleteObjects: 0.150100 ms)

AssetImportParameters requested are different than current active one (requested -> active):
  custom:video-decoder-ogg-theora: a1e56fd34408186e4bbccfd4996cb3dc -> 
  custom:container-muxer-webm: aa71ff27fc2769a1b78a27578f13a17b -> 
  custom:container-demuxer-webm: 4f35f7cbe854078d1ac9338744f61a02 -> 
  custom:video-encoder-webm-vp8: eb34c28f22e8b96e1ab97ce403110664 -> 
  custom:audio-encoder-webm-vorbis: bf7c407c2cedff20999df2af8eb42d56 -> 
  custom:framework-win-MediaFoundation: 216162199b28c13a410421893ffa2e32 -> 
  custom:container-demuxer-ogg: 62fdf1f143b41e24485cea50d1cbac27 -> 
  custom:video-decoder-webm-vp8: 9c59270c3fd7afecdb556c50c9e8de78 -> 
  custom:audio-decoder-ogg-vorbis: bf7c407c2cedff20999df2af8eb42d56 -> 
========================================================================
Received Import Request.
  Time since last request: 1925525.268410 seconds.
  path: Assets/Art/Sprites/tilesets/MapTiles/plains_1.asset
  artifactKey: Guid(e7b7376fccd3e2c4983d1bc8a1ab640c) Importer(815301076,1909f56bfc062723c751e8b465ee728b)
Start importing Assets/Art/Sprites/tilesets/MapTiles/plains_1.asset using Guid(e7b7376fccd3e2c4983d1bc8a1ab640c) Importer(815301076,1909f56bfc062723c751e8b465ee728b)  -> (artifact id: '26e726c02650e938835faab3279f40d1') in 0.095601 seconds 
========================================================================
Received Import Request.
  Time since last request: 0.000022 seconds.
  path: Assets/Art/Sprites/tilesets/MapTiles/plains_21.asset
  artifactKey: Guid(f20cc5e84225335498f8a393fdf2fe24) Importer(815301076,1909f56bfc062723c751e8b465ee728b)
Start importing Assets/Art/Sprites/tilesets/MapTiles/plains_21.asset using Guid(f20cc5e84225335498f8a393fdf2fe24) Importer(815301076,1909f56bfc062723c751e8b465ee728b)  -> (artifact id: '8e340785f9ee2306933348b0d90250b1') in 0.010853 seconds 
========================================================================
Received Import Request.
  Time since last request: 0.000027 seconds.
  path: Assets/Art/Sprites/tilesets/MapTiles/plains_67.asset
  artifactKey: Guid(46cfc6f32d499ba45a96baabbecf7d44) Importer(815301076,1909f56bfc062723c751e8b465ee728b)
Start importing Assets/Art/Sprites/tilesets/MapTiles/plains_67.asset using Guid(46cfc6f32d499ba45a96baabbecf7d44) Importer(815301076,1909f56bfc062723c751e8b465ee728b)  -> (artifact id: 'da7af2a5659125e12de739d2fc80e465') in 0.010168 seconds 
========================================================================
Received Import Request.
  Time since last request: 0.000038 seconds.
  path: Assets/Art/Sprites/tilesets/MapTiles/plains_7.asset
  artifactKey: Guid(3ff97611b8aa950488f29b5fd19c108e) Importer(815301076,1909f56bfc062723c751e8b465ee728b)
Start importing Assets/Art/Sprites/tilesets/MapTiles/plains_7.asset using Guid(3ff97611b8aa950488f29b5fd19c108e) Importer(815301076,1909f56bfc062723c751e8b465ee728b)  -> (artifact id: '651039373d95758128c9c28f3584ef61') in 0.010329 seconds 
========================================================================
Received Import Request.
  Time since last request: 0.000019 seconds.
  path: Assets/Art/Sprites/tilesets/MapTiles/plains_47.asset
  artifactKey: Guid(c86fe67583925c24a8a7fc48d8edfbb1) Importer(815301076,1909f56bfc062723c751e8b465ee728b)
Start importing Assets/Art/Sprites/tilesets/MapTiles/plains_47.asset using Guid(c86fe67583925c24a8a7fc48d8edfbb1) Importer(815301076,1909f56bfc062723c751e8b465ee728b)  -> (artifact id: '7b25026648ee0c28e7a94389d4c122da') in 0.009647 seconds 
========================================================================
Received Import Request.
  Time since last request: 0.000020 seconds.
  path: Assets/Art/Sprites/tilesets/MapTiles/plains_3.asset
  artifactKey: Guid(a86fab9c88e13514ab3aa35d2a20db6f) Importer(815301076,1909f56bfc062723c751e8b465ee728b)
Start importing Assets/Art/Sprites/tilesets/MapTiles/plains_3.asset using Guid(a86fab9c88e13514ab3aa35d2a20db6f) Importer(815301076,1909f56bfc062723c751e8b465ee728b)  -> (artifact id: '46861c6f68000cd692b52ebda063624d') in 0.010324 seconds 
========================================================================
Received Import Request.
  Time since last request: 0.000027 seconds.
  path: Assets/Art/Sprites/tilesets/MapTiles/plains_35.asset
  artifactKey: Guid(497585513f11e8449ace0042d01c07a7) Importer(815301076,1909f56bfc062723c751e8b465ee728b)
Start importing Assets/Art/Sprites/tilesets/MapTiles/plains_35.asset using Guid(497585513f11e8449ace0042d01c07a7) Importer(815301076,1909f56bfc062723c751e8b465ee728b)  -> (artifact id: '48d347a5a594574e9dfa5a58e0f56e4e') in 0.009788 seconds 
========================================================================
Received Import Request.
  Time since last request: 0.000028 seconds.
  path: Assets/Art/Sprites/tilesets/MapTiles/plains_16.asset
  artifactKey: Guid(6eb6aa09825a41d4b99fec4c4f714fd9) Importer(815301076,1909f56bfc062723c751e8b465ee728b)
Start importing Assets/Art/Sprites/tilesets/MapTiles/plains_16.asset using Guid(6eb6aa09825a41d4b99fec4c4f714fd9) Importer(815301076,1909f56bfc062723c751e8b465ee728b)  -> (artifact id: '36def8df9cf7df707d272bcce536807b') in 0.010087 seconds 
========================================================================
Received Import Request.
  Time since last request: 0.000025 seconds.
  path: Assets/Art/Sprites/tilesets/MapTiles/plains_49.asset
  artifactKey: Guid(26f9eaa51a59284408fc54db7c38457b) Importer(815301076,1909f56bfc062723c751e8b465ee728b)
Start importing Assets/Art/Sprites/tilesets/MapTiles/plains_49.asset using Guid(26f9eaa51a59284408fc54db7c38457b) Importer(815301076,1909f56bfc062723c751e8b465ee728b)  -> (artifact id: '39b52c011d718e24a5f9b4bb99462fd1') in 0.009435 seconds 
========================================================================
Received Import Request.
  Time since last request: 0.000034 seconds.
  path: Assets/Art/Sprites/tilesets/MapTiles/plains_20.asset
  artifactKey: Guid(5c5f8482640466748ae24bae1da892d8) Importer(815301076,1909f56bfc062723c751e8b465ee728b)
Start importing Assets/Art/Sprites/tilesets/MapTiles/plains_20.asset using Guid(5c5f8482640466748ae24bae1da892d8) Importer(815301076,1909f56bfc062723c751e8b465ee728b)  -> (artifact id: '56a0759d1e6f79f0a5c4bcae5330170a') in 0.009622 seconds 
========================================================================
Received Import Request.
  Time since last request: 0.000022 seconds.
  path: Assets/Art/Sprites/tilesets/MapTiles/plains_34.asset
  artifactKey: Guid(48e6c09fcd377c442bec5b24593cb4cc) Importer(815301076,1909f56bfc062723c751e8b465ee728b)
Start importing Assets/Art/Sprites/tilesets/MapTiles/plains_34.asset using Guid(48e6c09fcd377c442bec5b24593cb4cc) Importer(815301076,1909f56bfc062723c751e8b465ee728b)  -> (artifact id: '3257e569e6d709f84c4b8c7fe3f360ac') in 0.010682 seconds 
========================================================================
Received Import Request.
  Time since last request: 0.000039 seconds.
  path: Assets/Art/Sprites/tilesets/MapTiles/plains_53.asset
  artifactKey: Guid(37b06bf27b5e2bd40bc045d61b7e9fb8) Importer(815301076,1909f56bfc062723c751e8b465ee728b)
Start importing Assets/Art/Sprites/tilesets/MapTiles/plains_53.asset using Guid(37b06bf27b5e2bd40bc045d61b7e9fb8) Importer(815301076,1909f56bfc062723c751e8b465ee728b)  -> (artifact id: '2df764bb9322f04d70e4c17eeb04a05f') in 0.010640 seconds 
========================================================================
Received Import Request.
  Time since last request: 0.000018 seconds.
  path: Assets/Art/Sprites/tilesets/MapTiles/plains_14.asset
  artifactKey: Guid(5ad76e8b1ad13a74c843ecdd47c5c2a8) Importer(815301076,1909f56bfc062723c751e8b465ee728b)
Start importing Assets/Art/Sprites/tilesets/MapTiles/plains_14.asset using Guid(5ad76e8b1ad13a74c843ecdd47c5c2a8) Importer(815301076,1909f56bfc062723c751e8b465ee728b)  -> (artifact id: 'a72b4138f68f5fcd440674571df1b252') in 0.010951 seconds 
========================================================================
Received Import Request.
  Time since last request: 0.000026 seconds.
  path: Assets/Art/Sprites/tilesets/MapTiles/plains_62.asset
  artifactKey: Guid(37752dbf3f5f38b41930b48032957094) Importer(815301076,1909f56bfc062723c751e8b465ee728b)
Start importing Assets/Art/Sprites/tilesets/MapTiles/plains_62.asset using Guid(37752dbf3f5f38b41930b48032957094) Importer(815301076,1909f56bfc062723c751e8b465ee728b)  -> (artifact id: '2927a7d224d0379b9f8bc6e2e99510ae') in 0.011465 seconds 
========================================================================
Received Import Request.
  Time since last request: 0.000019 seconds.
  path: Assets/Art/Sprites/tilesets/MapTiles/plains_37.asset
  artifactKey: Guid(a1024c0a01b23114e95dd08a6c14ef06) Importer(815301076,1909f56bfc062723c751e8b465ee728b)
Start importing Assets/Art/Sprites/tilesets/MapTiles/plains_37.asset using Guid(a1024c0a01b23114e95dd08a6c14ef06) Importer(815301076,1909f56bfc062723c751e8b465ee728b)  -> (artifact id: '10d945f8ee50fffd800a63e182d1de6a') in 0.011214 seconds 
========================================================================
Received Import Request.
  Time since last request: 0.000027 seconds.
  path: Assets/Art/Sprites/tilesets/MapTiles/plains_24.asset
  artifactKey: Guid(5626d42ba9eff0e49b27a1e76e765a62) Importer(815301076,1909f56bfc062723c751e8b465ee728b)
Start importing Assets/Art/Sprites/tilesets/MapTiles/plains_24.asset using Guid(5626d42ba9eff0e49b27a1e76e765a62) Importer(815301076,1909f56bfc062723c751e8b465ee728b)  -> (artifact id: '3a26055f0cd1f8a9f1d60c6353ec35d1') in 0.011251 seconds 
========================================================================
Received Import Request.
  Time since last request: 0.000026 seconds.
  path: Assets/Art/Sprites/tilesets/MapTiles/plains_22.asset
  artifactKey: Guid(bd82244ce31fe85489cfacc546002bbb) Importer(815301076,1909f56bfc062723c751e8b465ee728b)
Start importing Assets/Art/Sprites/tilesets/MapTiles/plains_22.asset using Guid(bd82244ce31fe85489cfacc546002bbb) Importer(815301076,1909f56bfc062723c751e8b465ee728b)  -> (artifact id: '10d5709dae63f6d04df21982710e7381') in 0.011192 seconds 
========================================================================
Received Import Request.
  Time since last request: 0.000030 seconds.
  path: Assets/Art/Sprites/tilesets/MapTiles/plains_42.asset
  artifactKey: Guid(a7892f3ba2a71a44c99324be752b778d) Importer(815301076,1909f56bfc062723c751e8b465ee728b)
Start importing Assets/Art/Sprites/tilesets/MapTiles/plains_42.asset using Guid(a7892f3ba2a71a44c99324be752b778d) Importer(815301076,1909f56bfc062723c751e8b465ee728b)  -> (artifact id: '47eb2be5d74a3c995cef51f4e1710270') in 0.010039 seconds 
========================================================================
Received Import Request.
  Time since last request: 0.000023 seconds.
  path: Assets/Art/Sprites/tilesets/MapTiles/plains_31.asset
  artifactKey: Guid(ee08541c5d85cbe4599ba3cd0e3e06a5) Importer(815301076,1909f56bfc062723c751e8b465ee728b)
Start importing Assets/Art/Sprites/tilesets/MapTiles/plains_31.asset using Guid(ee08541c5d85cbe4599ba3cd0e3e06a5) Importer(815301076,1909f56bfc062723c751e8b465ee728b)  -> (artifact id: '2733aff45d85e119832206c6fe5a9d2f') in 0.010213 seconds 
========================================================================
Received Import Request.
  Time since last request: 0.000036 seconds.
  path: Assets/Art/Sprites/tilesets/MapTiles/plains_33.asset
  artifactKey: Guid(0ee6428753d445044a5bd6811e53641b) Importer(815301076,1909f56bfc062723c751e8b465ee728b)
Start importing Assets/Art/Sprites/tilesets/MapTiles/plains_33.asset using Guid(0ee6428753d445044a5bd6811e53641b) Importer(815301076,1909f56bfc062723c751e8b465ee728b)  -> (artifact id: '68eed418d718b8af10c4e0a408cb145f') in 0.009779 seconds 
========================================================================
Received Import Request.
  Time since last request: 0.000030 seconds.
  path: Assets/Art/Sprites/tilesets/MapTiles/plains_19.asset
  artifactKey: Guid(2d28ee6ba5b8c004cb7ea4cb7fa8556c) Importer(815301076,1909f56bfc062723c751e8b465ee728b)
Start importing Assets/Art/Sprites/tilesets/MapTiles/plains_19.asset using Guid(2d28ee6ba5b8c004cb7ea4cb7fa8556c) Importer(815301076,1909f56bfc062723c751e8b465ee728b)  -> (artifact id: '58bf85e5e89fd26a32bba6b27c771055') in 0.011843 seconds 
========================================================================
Received Import Request.
  Time since last request: 0.000023 seconds.
  path: Assets/Art/Sprites/tilesets/MapTiles/plains_54.asset
  artifactKey: Guid(2c7c4aa2fada3ef4daddda8d1f8d45ca) Importer(815301076,1909f56bfc062723c751e8b465ee728b)
Start importing Assets/Art/Sprites/tilesets/MapTiles/plains_54.asset using Guid(2c7c4aa2fada3ef4daddda8d1f8d45ca) Importer(815301076,1909f56bfc062723c751e8b465ee728b)  -> (artifact id: '90577151e42bedd63850ecf8baf11085') in 0.010467 seconds 
========================================================================
Received Import Request.
  Time since last request: 0.000022 seconds.
  path: Assets/Art/Sprites/tilesets/MapTiles/plains_12.asset
  artifactKey: Guid(e69ff3e040330a34ab9c0ef0278d7cd8) Importer(815301076,1909f56bfc062723c751e8b465ee728b)
Start importing Assets/Art/Sprites/tilesets/MapTiles/plains_12.asset using Guid(e69ff3e040330a34ab9c0ef0278d7cd8) Importer(815301076,1909f56bfc062723c751e8b465ee728b)  -> (artifact id: '6c2c8d4860a329cedfebd63181619f1f') in 0.010138 seconds 
========================================================================
Received Import Request.
  Time since last request: 0.000029 seconds.
  path: Assets/Art/Sprites/tilesets/MapTiles/plains_25.asset
  artifactKey: Guid(faab59cf2b945b34a9055ac691f01525) Importer(815301076,1909f56bfc062723c751e8b465ee728b)
Start importing Assets/Art/Sprites/tilesets/MapTiles/plains_25.asset using Guid(faab59cf2b945b34a9055ac691f01525) Importer(815301076,1909f56bfc062723c751e8b465ee728b)  -> (artifact id: 'b30b8eb9ab81ee2f981330aa2e054a23') in 0.009935 seconds 
========================================================================
Received Import Request.
  Time since last request: 0.000022 seconds.
  path: Assets/Art/Sprites/tilesets/MapTiles/plains_39.asset
  artifactKey: Guid(d5f6319b4ffb81e468888d80c82bf7ea) Importer(815301076,1909f56bfc062723c751e8b465ee728b)
Start importing Assets/Art/Sprites/tilesets/MapTiles/plains_39.asset using Guid(d5f6319b4ffb81e468888d80c82bf7ea) Importer(815301076,1909f56bfc062723c751e8b465ee728b)  -> (artifact id: '68560ec1619dc329c07ea3fb69ad042c') in 0.011550 seconds 
========================================================================
Received Import Request.
  Time since last request: 0.000037 seconds.
  path: Assets/Art/Sprites/tilesets/MapTiles/plains_59.asset
  artifactKey: Guid(4512c60fb93cc904ea345d84073ab322) Importer(815301076,1909f56bfc062723c751e8b465ee728b)
Start importing Assets/Art/Sprites/tilesets/MapTiles/plains_59.asset using Guid(4512c60fb93cc904ea345d84073ab322) Importer(815301076,1909f56bfc062723c751e8b465ee728b)  -> (artifact id: '43c179fe297503ace6d6b271490e1042') in 0.009721 seconds 
========================================================================
Received Import Request.
  Time since last request: 0.000038 seconds.
  path: Assets/Art/Sprites/tilesets/MapTiles/plains_44.asset
  artifactKey: Guid(0bbe2943b0ed8b5439c60a4cc7ce509f) Importer(815301076,1909f56bfc062723c751e8b465ee728b)
Start importing Assets/Art/Sprites/tilesets/MapTiles/plains_44.asset using Guid(0bbe2943b0ed8b5439c60a4cc7ce509f) Importer(815301076,1909f56bfc062723c751e8b465ee728b)  -> (artifact id: '03e754956251485b31db220de0171e3c') in 0.009415 seconds 
========================================================================
Received Import Request.
  Time since last request: 0.000024 seconds.
  path: Assets/Art/Sprites/tilesets/MapTiles/plains_60.asset
  artifactKey: Guid(35145a357011a0949aa27b4028430ddc) Importer(815301076,1909f56bfc062723c751e8b465ee728b)
Start importing Assets/Art/Sprites/tilesets/MapTiles/plains_60.asset using Guid(35145a357011a0949aa27b4028430ddc) Importer(815301076,1909f56bfc062723c751e8b465ee728b)  -> (artifact id: '09ea9aaea3935e26743b4b022ed8768c') in 0.011231 seconds 
========================================================================
Received Import Request.
  Time since last request: 0.000024 seconds.
  path: Assets/Art/Sprites/tilesets/MapTiles/plains_23.asset
  artifactKey: Guid(819a97647a1e7af4dbc54b88c5f6a2a6) Importer(815301076,1909f56bfc062723c751e8b465ee728b)
Start importing Assets/Art/Sprites/tilesets/MapTiles/plains_23.asset using Guid(819a97647a1e7af4dbc54b88c5f6a2a6) Importer(815301076,1909f56bfc062723c751e8b465ee728b)  -> (artifact id: '6503ab45dab8db49fa78af6bfe460bff') in 0.010638 seconds 
========================================================================
Received Import Request.
  Time since last request: 0.000031 seconds.
  path: Assets/Art/Sprites/tilesets/MapTiles/plains_9.asset
  artifactKey: Guid(77fc7e4d1031516478c9b527c283dbe8) Importer(815301076,1909f56bfc062723c751e8b465ee728b)
Start importing Assets/Art/Sprites/tilesets/MapTiles/plains_9.asset using Guid(77fc7e4d1031516478c9b527c283dbe8) Importer(815301076,1909f56bfc062723c751e8b465ee728b)  -> (artifact id: '422602dd303df5879316e95e7a6a8973') in 0.009678 seconds 
========================================================================
Received Import Request.
  Time since last request: 0.000018 seconds.
  path: Assets/Art/Sprites/tilesets/MapTiles/plains_58.asset
  artifactKey: Guid(4e48b6d29bd226d4ea4aa4edf4ed9c5f) Importer(815301076,1909f56bfc062723c751e8b465ee728b)
Start importing Assets/Art/Sprites/tilesets/MapTiles/plains_58.asset using Guid(4e48b6d29bd226d4ea4aa4edf4ed9c5f) Importer(815301076,1909f56bfc062723c751e8b465ee728b)  -> (artifact id: '19a9ac96bda8da6478a42bb43c09e699') in 0.011956 seconds 
========================================================================
Received Import Request.
  Time since last request: 0.000016 seconds.
  path: Assets/Art/Sprites/tilesets/MapTiles/plains_10.asset
  artifactKey: Guid(76d3dba6f66860643bb7e3c3e95aa2a4) Importer(815301076,1909f56bfc062723c751e8b465ee728b)
Start importing Assets/Art/Sprites/tilesets/MapTiles/plains_10.asset using Guid(76d3dba6f66860643bb7e3c3e95aa2a4) Importer(815301076,1909f56bfc062723c751e8b465ee728b)  -> (artifact id: '3ece1d1e98b6ef161f2e810c8f9dc8b3') in 0.010343 seconds 
========================================================================
Received Import Request.
  Time since last request: 0.000024 seconds.
  path: Assets/Art/Sprites/tilesets/MapTiles/plains_8.asset
  artifactKey: Guid(62b4ec73646d1994591c1e7cb925acea) Importer(815301076,1909f56bfc062723c751e8b465ee728b)
Start importing Assets/Art/Sprites/tilesets/MapTiles/plains_8.asset using Guid(62b4ec73646d1994591c1e7cb925acea) Importer(815301076,1909f56bfc062723c751e8b465ee728b)  -> (artifact id: '38984cbc69060cb4096aef3631c8e50f') in 0.008848 seconds 
Editor requested this worker to shutdown with reason: Scaling down because of idle timeout
AssetImportWorker is now disconnected from the server
Process exiting
Exiting without the bug reporter. Application will terminate with return code 0