Using pre-set license
Built from '2021.3/staging' branch; Version is '2021.3.2f1 (d6360bedb9a0) revision 14038539'; Using compiler version '192829333'; Build Type 'Release'
OS: 'Windows 10  (10.0.19044) 64bit Core' Language: 'pt' Physical Memory: 16298 MB
BatchMode: 1, IsHumanControllingUs: 0, StartBugReporterOnCrash: 0, Is64bit: 1, IsPro: 1

COMMAND LINE ARGUMENTS:
C:\Program Files\Unity 2021.3.2f1\Editor\Unity.exe
-adb2
-batchMode
-noUpm
-name
AssetImportWorker2
-projectPath
C:/Users/dimas/Desktop/Unity games/GameStore/GameStore
-logFile
Logs/AssetImportWorker2.log
-srvPort
62423
Successfully changed project path to: C:/Users/dimas/Desktop/Unity games/GameStore/GameStore
C:/Users/dimas/Desktop/Unity games/GameStore/GameStore
[UnityMemory] Configuration Parameters - Can be set up in boot.config
    "memorysetup-bucket-allocator-granularity=16"
    "memorysetup-bucket-allocator-bucket-count=8"
    "memorysetup-bucket-allocator-block-size=33554432"
    "memorysetup-bucket-allocator-block-count=8"
    "memorysetup-main-allocator-block-size=16777216"
    "memorysetup-thread-allocator-block-size=16777216"
    "memorysetup-gfx-main-allocator-block-size=16777216"
    "memorysetup-gfx-thread-allocator-block-size=16777216"
    "memorysetup-cache-allocator-block-size=4194304"
    "memorysetup-typetree-allocator-block-size=2097152"
    "memorysetup-profiler-bucket-allocator-granularity=16"
    "memorysetup-profiler-bucket-allocator-bucket-count=8"
    "memorysetup-profiler-bucket-allocator-block-size=33554432"
    "memorysetup-profiler-bucket-allocator-block-count=8"
    "memorysetup-profiler-allocator-block-size=16777216"
    "memorysetup-profiler-editor-allocator-block-size=1048576"
    "memorysetup-temp-allocator-size-main=16777216"
    "memorysetup-job-temp-allocator-block-size=2097152"
    "memorysetup-job-temp-allocator-block-size-background=1048576"
    "memorysetup-job-temp-allocator-reduction-small-platforms=262144"
    "memorysetup-temp-allocator-size-background-worker=32768"
    "memorysetup-temp-allocator-size-job-worker=262144"
    "memorysetup-temp-allocator-size-preload-manager=33554432"
    "memorysetup-temp-allocator-size-nav-mesh-worker=65536"
    "memorysetup-temp-allocator-size-audio-worker=65536"
    "memorysetup-temp-allocator-size-cloud-worker=32768"
    "memorysetup-temp-allocator-size-gi-baking-worker=262144"
    "memorysetup-temp-allocator-size-gfx=262144"
Refreshing native plugins compatible for Editor in 113.05 ms, found 4 plugins.
Preloading 0 native plugins for Editor in 0.00 ms.
Initialize engine version: 2021.3.2f1 (d6360bedb9a0)
[Subsystems] Discovering subsystems at path C:/Program Files/Unity 2021.3.2f1/Editor/Data/Resources/UnitySubsystems
[Subsystems] Discovering subsystems at path C:/Users/dimas/Desktop/Unity games/GameStore/GameStore/Assets
GfxDevice: creating device client; threaded=0; jobified=0
Direct3D:
    Version:  Direct3D 11.0 [level 11.1]
    Renderer: NVIDIA GeForce GTX 1080 Ti (ID=0x1b06)
    Vendor:   NVIDIA
    VRAM:     11120 MB
    Driver:   31.0.15.2698
Initialize mono
Mono path[0] = 'C:/Program Files/Unity 2021.3.2f1/Editor/Data/Managed'
Mono path[1] = 'C:/Program Files/Unity 2021.3.2f1/Editor/Data/MonoBleedingEdge/lib/mono/unityjit-win32'
Mono config path = 'C:/Program Files/Unity 2021.3.2f1/Editor/Data/MonoBleedingEdge/etc'
Using monoOptions --debugger-agent=transport=dt_socket,embedding=1,server=y,suspend=n,address=127.0.0.1:56560
Begin MonoManager ReloadAssembly
Registering precompiled unity dll's ...
Register platform support module: C:/Program Files/Unity 2021.3.2f1/Editor/Data/PlaybackEngines/WindowsStandaloneSupport/UnityEditor.WindowsStandalone.Extensions.dll
Registered in 0.004084 seconds.
Native extension for WindowsStandalone target not found
Refreshing native plugins compatible for Editor in 95.34 ms, found 4 plugins.
Preloading 0 native plugins for Editor in 0.00 ms.
Mono: successfully reloaded assembly
- Completed reload, in  0.592 seconds
Domain Reload Profiling:
	ReloadAssembly (593ms)
		BeginReloadAssembly (62ms)
			ExecutionOrderSort (0ms)
			DisableScriptedObjects (0ms)
			BackupInstance (0ms)
			ReleaseScriptingObjects (0ms)
			CreateAndSetChildDomain (1ms)
		EndReloadAssembly (439ms)
			LoadAssemblies (60ms)
			RebuildTransferFunctionScriptingTraits (0ms)
			SetupTypeCache (88ms)
			ReleaseScriptCaches (0ms)
			RebuildScriptCaches (38ms)
			SetupLoadedEditorAssemblies (266ms)
				LogAssemblyErrors (0ms)
				InitializePlatformSupportModulesInManaged (6ms)
				SetLoadedEditorAssemblies (0ms)
				RefreshPlugins (95ms)
				BeforeProcessingInitializeOnLoad (1ms)
				ProcessInitializeOnLoadAttributes (115ms)
				ProcessInitializeOnLoadMethodAttributes (48ms)
				AfterProcessingInitializeOnLoad (0ms)
				EditorAssembliesLoaded (0ms)
			ExecutionOrderSort2 (0ms)
			AwakeInstancesAfterBackupRestoration (0ms)
Platform modules already initialized, skipping
Registering precompiled user dll's ...
Registered in 0.007291 seconds.
Begin MonoManager ReloadAssembly
Native extension for WindowsStandalone target not found
Refreshing native plugins compatible for Editor in 90.99 ms, found 4 plugins.
Preloading 0 native plugins for Editor in 0.00 ms.
Package Manager log level set to [2]
Mono: successfully reloaded assembly
- Completed reload, in  1.161 seconds
Domain Reload Profiling:
	ReloadAssembly (1162ms)
		BeginReloadAssembly (125ms)
			ExecutionOrderSort (0ms)
			DisableScriptedObjects (5ms)
			BackupInstance (0ms)
			ReleaseScriptingObjects (0ms)
			CreateAndSetChildDomain (16ms)
		EndReloadAssembly (938ms)
			LoadAssemblies (78ms)
			RebuildTransferFunctionScriptingTraits (0ms)
			SetupTypeCache (234ms)
			ReleaseScriptCaches (1ms)
			RebuildScriptCaches (54ms)
			SetupLoadedEditorAssemblies (529ms)
				LogAssemblyErrors (0ms)
				InitializePlatformSupportModulesInManaged (4ms)
				SetLoadedEditorAssemblies (0ms)
				RefreshPlugins (91ms)
				BeforeProcessingInitializeOnLoad (101ms)
				ProcessInitializeOnLoadAttributes (206ms)
				ProcessInitializeOnLoadMethodAttributes (121ms)
				AfterProcessingInitializeOnLoad (6ms)
				EditorAssembliesLoaded (0ms)
			ExecutionOrderSort2 (0ms)
			AwakeInstancesAfterBackupRestoration (7ms)
Platform modules already initialized, skipping
========================================================================
Worker process is ready to serve import requests
Launched and connected shader compiler UnityShaderCompiler.exe after 0.04 seconds
Refreshing native plugins compatible for Editor in 1.40 ms, found 4 plugins.
Preloading 0 native plugins for Editor in 0.00 ms.
Unloading 4600 Unused Serialized files (Serialized files now loaded: 0)
Unloading 78 unused Assets / (226.7 KB). Loaded Objects now: 5018.
Memory consumption went from 165.4 MB to 165.2 MB.
Total: 6.076000 ms (FindLiveObjects: 0.316800 ms CreateObjectMapping: 0.200700 ms MarkObjects: 5.426000 ms  DeleteObjects: 0.131900 ms)

AssetImportParameters requested are different than current active one (requested -> active):
  custom:video-decoder-ogg-theora: a1e56fd34408186e4bbccfd4996cb3dc -> 
  custom:container-muxer-webm: aa71ff27fc2769a1b78a27578f13a17b -> 
  custom:container-demuxer-webm: 4f35f7cbe854078d1ac9338744f61a02 -> 
  custom:video-encoder-webm-vp8: eb34c28f22e8b96e1ab97ce403110664 -> 
  custom:audio-encoder-webm-vorbis: bf7c407c2cedff20999df2af8eb42d56 -> 
  custom:framework-win-MediaFoundation: 216162199b28c13a410421893ffa2e32 -> 
  custom:container-demuxer-ogg: 62fdf1f143b41e24485cea50d1cbac27 -> 
  custom:video-decoder-webm-vp8: 9c59270c3fd7afecdb556c50c9e8de78 -> 
  custom:audio-decoder-ogg-vorbis: bf7c407c2cedff20999df2af8eb42d56 -> 
========================================================================
Received Import Request.
  Time since last request: 1924652.677004 seconds.
  path: Assets/Art/Sprites/characters/player.png
  artifactKey: Guid(f136caa43825d0c409aa021f6b0a9427) Importer(815301076,1909f56bfc062723c751e8b465ee728b)
Start importing Assets/Art/Sprites/characters/player.png using Guid(f136caa43825d0c409aa021f6b0a9427) Importer(815301076,1909f56bfc062723c751e8b465ee728b)  -> (artifact id: '74b9207be35ca31438dc54d301e15a16') in 0.099487 seconds 
========================================================================
Received Import Request.
  Time since last request: 23.743698 seconds.
  path: Assets/Art/Sprites/characters/player.png
  artifactKey: Guid(f136caa43825d0c409aa021f6b0a9427) Importer(815301076,1909f56bfc062723c751e8b465ee728b)
Start importing Assets/Art/Sprites/characters/player.png using Guid(f136caa43825d0c409aa021f6b0a9427) Importer(815301076,1909f56bfc062723c751e8b465ee728b)  -> (artifact id: '29b9da5c3c235f2d78ac2c23b153b676') in 0.011253 seconds 
========================================================================
Received Import Request.
  Time since last request: 54.818472 seconds.
  path: Assets/Art/Sprites/characters/player.png
  artifactKey: Guid(f136caa43825d0c409aa021f6b0a9427) Importer(815301076,1909f56bfc062723c751e8b465ee728b)
Start importing Assets/Art/Sprites/characters/player.png using Guid(f136caa43825d0c409aa021f6b0a9427) Importer(815301076,1909f56bfc062723c751e8b465ee728b)  -> (artifact id: '17f20c0ace7f9a3edfb970a472707a42') in 0.111792 seconds 
========================================================================
Received Import Request.
  Time since last request: 225.521844 seconds.
  path: Assets/Prefabs
  artifactKey: Guid(1fd3eb3d016bc494283818f488ba03fb) Importer(815301076,1909f56bfc062723c751e8b465ee728b)
Start importing Assets/Prefabs using Guid(1fd3eb3d016bc494283818f488ba03fb) Importer(815301076,1909f56bfc062723c751e8b465ee728b)  -> (artifact id: '995364715708b2db6c93afb100daad8f') in 0.005072 seconds 
========================================================================
Received Import Request.
  Time since last request: 9.039949 seconds.
  path: Assets/Prefabs/Player
  artifactKey: Guid(fe47aef06db96964580bb99e00eb3056) Importer(815301076,1909f56bfc062723c751e8b465ee728b)
Start importing Assets/Prefabs/Player using Guid(fe47aef06db96964580bb99e00eb3056) Importer(815301076,1909f56bfc062723c751e8b465ee728b)  -> (artifact id: '9482e06913ca81f6703fb116b7cb4989') in 0.004875 seconds 
========================================================================
Received Import Request.
  Time since last request: 4.461706 seconds.
  path: Assets/Prefabs/Player/Player.prefab
  artifactKey: Guid(78a4681b9449ce449bdcf4f2d37ad90c) Importer(815301076,1909f56bfc062723c751e8b465ee728b)
Start importing Assets/Prefabs/Player/Player.prefab using Guid(78a4681b9449ce449bdcf4f2d37ad90c) Importer(815301076,1909f56bfc062723c751e8b465ee728b)  -> (artifact id: '54f62f6563f239e357505d71fab27d0d') in 0.056436 seconds 
========================================================================
Received Import Request.
  Time since last request: 392.976618 seconds.
  path: Assets/Art/Sprites/tilesets/plains.png
  artifactKey: Guid(f66ddb35843923a4fb242b620abce22f) Importer(815301076,1909f56bfc062723c751e8b465ee728b)
Start importing Assets/Art/Sprites/tilesets/plains.png using Guid(f66ddb35843923a4fb242b620abce22f) Importer(815301076,1909f56bfc062723c751e8b465ee728b)  -> (artifact id: '1a514b7aabf5fc70f6bb493623b61da9') in 0.011031 seconds 
========================================================================
Received Import Request.
  Time since last request: 66.834009 seconds.
  path: Assets/Art/Sprites/tilesets/plains.png
  artifactKey: Guid(f66ddb35843923a4fb242b620abce22f) Importer(815301076,1909f56bfc062723c751e8b465ee728b)
Start importing Assets/Art/Sprites/tilesets/plains.png using Guid(f66ddb35843923a4fb242b620abce22f) Importer(815301076,1909f56bfc062723c751e8b465ee728b)  -> (artifact id: '285c485b4e5cdb9accecb0346f8db8a5') in 0.134380 seconds 
========================================================================
Received Import Request.
  Time since last request: 29.545065 seconds.
  path: Assets/Art/Sprites/tilesets/Map.prefab
  artifactKey: Guid(e3dc3dafa0b5ef54498527e83b702091) Importer(815301076,1909f56bfc062723c751e8b465ee728b)
Start importing Assets/Art/Sprites/tilesets/Map.prefab using Guid(e3dc3dafa0b5ef54498527e83b702091) Importer(815301076,1909f56bfc062723c751e8b465ee728b)  -> (artifact id: '77f7b301f2a53dfe953abbbd9b26ba70') in 0.011401 seconds 
========================================================================
Received Import Request.
  Time since last request: 55.454106 seconds.
  path: Assets/Art/Sprites/tilesets/Map.prefab
  artifactKey: Guid(e3dc3dafa0b5ef54498527e83b702091) Importer(815301076,1909f56bfc062723c751e8b465ee728b)
Start importing Assets/Art/Sprites/tilesets/Map.prefab using Guid(e3dc3dafa0b5ef54498527e83b702091) Importer(815301076,1909f56bfc062723c751e8b465ee728b)  -> (artifact id: '560d4bb21cbe2dda1886443f1ddad9f1') in 0.032871 seconds 
========================================================================
Received Import Request.
  Time since last request: 9.648520 seconds.
  path: Assets/Art/Sprites/tilesets/MapTiles/plains_0.asset
  artifactKey: Guid(caccec9f8b3aaab41b233d4e734b0140) Importer(815301076,1909f56bfc062723c751e8b465ee728b)
Start importing Assets/Art/Sprites/tilesets/MapTiles/plains_0.asset using Guid(caccec9f8b3aaab41b233d4e734b0140) Importer(815301076,1909f56bfc062723c751e8b465ee728b)  -> (artifact id: 'f3880c404afa20e1b75d344b3d48bee0') in 0.016449 seconds 
========================================================================
Received Import Request.
  Time since last request: 0.000021 seconds.
  path: Assets/Art/Sprites/tilesets/MapTiles/plains_4.asset
  artifactKey: Guid(d179d4717c68b1743bf6cac76c186146) Importer(815301076,1909f56bfc062723c751e8b465ee728b)
Start importing Assets/Art/Sprites/tilesets/MapTiles/plains_4.asset using Guid(d179d4717c68b1743bf6cac76c186146) Importer(815301076,1909f56bfc062723c751e8b465ee728b)  -> (artifact id: '4af20dc8c2718be0da32c00a2f9789f4') in 0.011414 seconds 
========================================================================
Received Import Request.
  Time since last request: 0.000021 seconds.
  path: Assets/Art/Sprites/tilesets/MapTiles/plains_52.asset
  artifactKey: Guid(4a6c7c2d3cfa63948b44b2e40499faaf) Importer(815301076,1909f56bfc062723c751e8b465ee728b)
Start importing Assets/Art/Sprites/tilesets/MapTiles/plains_52.asset using Guid(4a6c7c2d3cfa63948b44b2e40499faaf) Importer(815301076,1909f56bfc062723c751e8b465ee728b)  -> (artifact id: '7e300e7d50fc51b06fd9998ea61f478d') in 0.010620 seconds 
========================================================================
Received Import Request.
  Time since last request: 0.000020 seconds.
  path: Assets/Art/Sprites/tilesets/MapTiles/plains_51.asset
  artifactKey: Guid(086133d6271cf03408b25cda261462fe) Importer(815301076,1909f56bfc062723c751e8b465ee728b)
Start importing Assets/Art/Sprites/tilesets/MapTiles/plains_51.asset using Guid(086133d6271cf03408b25cda261462fe) Importer(815301076,1909f56bfc062723c751e8b465ee728b)  -> (artifact id: '79e656bb1d9d4b2134a4ad8704227474') in 0.012915 seconds 
========================================================================
Received Import Request.
  Time since last request: 0.000029 seconds.
  path: Assets/Art/Sprites/tilesets/MapTiles/plains_57.asset
  artifactKey: Guid(baff6f45eb58fab4b803b16553fa4f58) Importer(815301076,1909f56bfc062723c751e8b465ee728b)
Start importing Assets/Art/Sprites/tilesets/MapTiles/plains_57.asset using Guid(baff6f45eb58fab4b803b16553fa4f58) Importer(815301076,1909f56bfc062723c751e8b465ee728b)  -> (artifact id: 'b5348ccd0fff781920549122168673b7') in 0.010437 seconds 
========================================================================
Received Import Request.
  Time since last request: 0.000021 seconds.
  path: Assets/Art/Sprites/tilesets/MapTiles/plains_65.asset
  artifactKey: Guid(c8b031cbf0e14474589af3c7ac0c40a4) Importer(815301076,1909f56bfc062723c751e8b465ee728b)
Start importing Assets/Art/Sprites/tilesets/MapTiles/plains_65.asset using Guid(c8b031cbf0e14474589af3c7ac0c40a4) Importer(815301076,1909f56bfc062723c751e8b465ee728b)  -> (artifact id: 'bd7ea92d3c3834408d14a3dcea893d91') in 0.009557 seconds 
========================================================================
Received Import Request.
  Time since last request: 0.000024 seconds.
  path: Assets/Art/Sprites/tilesets/MapTiles/plains_64.asset
  artifactKey: Guid(e144b2cdeccb2d9429905181bedc51a3) Importer(815301076,1909f56bfc062723c751e8b465ee728b)
Start importing Assets/Art/Sprites/tilesets/MapTiles/plains_64.asset using Guid(e144b2cdeccb2d9429905181bedc51a3) Importer(815301076,1909f56bfc062723c751e8b465ee728b)  -> (artifact id: 'bc6d1bf1a48128c43a5f8c370c5eb2f4') in 0.011970 seconds 
========================================================================
Received Import Request.
  Time since last request: 0.000018 seconds.
  path: Assets/Art/Sprites/tilesets/MapTiles/plains_2.asset
  artifactKey: Guid(514396dc8419ac346b6b16ff8e0a57d9) Importer(815301076,1909f56bfc062723c751e8b465ee728b)
Start importing Assets/Art/Sprites/tilesets/MapTiles/plains_2.asset using Guid(514396dc8419ac346b6b16ff8e0a57d9) Importer(815301076,1909f56bfc062723c751e8b465ee728b)  -> (artifact id: '4aa86aa1f4913d63274b97f5038c32c1') in 0.010071 seconds 
========================================================================
Received Import Request.
  Time since last request: 0.000014 seconds.
  path: Assets/Art/Sprites/tilesets/MapTiles/plains_48.asset
  artifactKey: Guid(be6561d1994009f429ecf21732484a2b) Importer(815301076,1909f56bfc062723c751e8b465ee728b)
Start importing Assets/Art/Sprites/tilesets/MapTiles/plains_48.asset using Guid(be6561d1994009f429ecf21732484a2b) Importer(815301076,1909f56bfc062723c751e8b465ee728b)  -> (artifact id: 'd33e73934425c0293dd32782e921a860') in 0.008963 seconds 
========================================================================
Received Import Request.
  Time since last request: 0.000016 seconds.
  path: Assets/Art/Sprites/tilesets/MapTiles/plains_40.asset
  artifactKey: Guid(29b8b58425e333d4aa4034777ab4901d) Importer(815301076,1909f56bfc062723c751e8b465ee728b)
Start importing Assets/Art/Sprites/tilesets/MapTiles/plains_40.asset using Guid(29b8b58425e333d4aa4034777ab4901d) Importer(815301076,1909f56bfc062723c751e8b465ee728b)  -> (artifact id: '37fbd7d52e697cdf1fc88d3faa2346f6') in 0.009799 seconds 
========================================================================
Received Import Request.
  Time since last request: 0.000015 seconds.
  path: Assets/Art/Sprites/tilesets/MapTiles/plains_66.asset
  artifactKey: Guid(1ab9fafef08e979468b042ab5eb0fd15) Importer(815301076,1909f56bfc062723c751e8b465ee728b)
Start importing Assets/Art/Sprites/tilesets/MapTiles/plains_66.asset using Guid(1ab9fafef08e979468b042ab5eb0fd15) Importer(815301076,1909f56bfc062723c751e8b465ee728b)  -> (artifact id: 'afc589bcbb28d96adfce4beda9e317bb') in 0.010076 seconds 
========================================================================
Received Import Request.
  Time since last request: 0.000021 seconds.
  path: Assets/Art/Sprites/tilesets/MapTiles/plains_30.asset
  artifactKey: Guid(5e6943afb992e424c9192f1c47a8c97d) Importer(815301076,1909f56bfc062723c751e8b465ee728b)
Start importing Assets/Art/Sprites/tilesets/MapTiles/plains_30.asset using Guid(5e6943afb992e424c9192f1c47a8c97d) Importer(815301076,1909f56bfc062723c751e8b465ee728b)  -> (artifact id: '87398ab52613406a716f0077918f6c91') in 0.010313 seconds 
========================================================================
Received Import Request.
  Time since last request: 0.000019 seconds.
  path: Assets/Art/Sprites/tilesets/MapTiles/plains_13.asset
  artifactKey: Guid(0e77f576cb9ad8b4d9f4786f2038f3eb) Importer(815301076,1909f56bfc062723c751e8b465ee728b)
Start importing Assets/Art/Sprites/tilesets/MapTiles/plains_13.asset using Guid(0e77f576cb9ad8b4d9f4786f2038f3eb) Importer(815301076,1909f56bfc062723c751e8b465ee728b)  -> (artifact id: 'f7179cffdaba66ac1333b14564084fdf') in 0.010155 seconds 
========================================================================
Received Import Request.
  Time since last request: 0.000015 seconds.
  path: Assets/Art/Sprites/tilesets/MapTiles/plains_56.asset
  artifactKey: Guid(e86a0dcebba9d8844a02f1335ce7c495) Importer(815301076,1909f56bfc062723c751e8b465ee728b)
Start importing Assets/Art/Sprites/tilesets/MapTiles/plains_56.asset using Guid(e86a0dcebba9d8844a02f1335ce7c495) Importer(815301076,1909f56bfc062723c751e8b465ee728b)  -> (artifact id: '98656b37ab0309f11fb28abeedafc13c') in 0.009524 seconds 
========================================================================
Received Import Request.
  Time since last request: 0.000037 seconds.
  path: Assets/Art/Sprites/tilesets/MapTiles/plains_32.asset
  artifactKey: Guid(37101f27bd461784ba24ba41fcdcf312) Importer(815301076,1909f56bfc062723c751e8b465ee728b)
Start importing Assets/Art/Sprites/tilesets/MapTiles/plains_32.asset using Guid(37101f27bd461784ba24ba41fcdcf312) Importer(815301076,1909f56bfc062723c751e8b465ee728b)  -> (artifact id: '883625b4536217cd1c6461e954e40212') in 0.009300 seconds 
========================================================================
Received Import Request.
  Time since last request: 0.000016 seconds.
  path: Assets/Art/Sprites/tilesets/MapTiles/plains_28.asset
  artifactKey: Guid(d822763001a7918408e87a5eab4af645) Importer(815301076,1909f56bfc062723c751e8b465ee728b)
Start importing Assets/Art/Sprites/tilesets/MapTiles/plains_28.asset using Guid(d822763001a7918408e87a5eab4af645) Importer(815301076,1909f56bfc062723c751e8b465ee728b)  -> (artifact id: '724c110e92f1c824e03fa5231fcf41a5') in 0.009480 seconds 
========================================================================
Received Import Request.
  Time since last request: 0.000016 seconds.
  path: Assets/Art/Sprites/tilesets/MapTiles/plains_18.asset
  artifactKey: Guid(ce0ab10fb2fc04646a715670f98743c8) Importer(815301076,1909f56bfc062723c751e8b465ee728b)
Start importing Assets/Art/Sprites/tilesets/MapTiles/plains_18.asset using Guid(ce0ab10fb2fc04646a715670f98743c8) Importer(815301076,1909f56bfc062723c751e8b465ee728b)  -> (artifact id: 'fa3df96f0e5b2c2b968c5f27974a3a82') in 0.010477 seconds 
========================================================================
Received Import Request.
  Time since last request: 0.000018 seconds.
  path: Assets/Art/Sprites/tilesets/MapTiles/plains_11.asset
  artifactKey: Guid(d6a63c4237a8a4b4cb0ff2673b295ee3) Importer(815301076,1909f56bfc062723c751e8b465ee728b)
Start importing Assets/Art/Sprites/tilesets/MapTiles/plains_11.asset using Guid(d6a63c4237a8a4b4cb0ff2673b295ee3) Importer(815301076,1909f56bfc062723c751e8b465ee728b)  -> (artifact id: '92d6d30f20f7893638352878cf90dfb0') in 0.010526 seconds 
========================================================================
Received Import Request.
  Time since last request: 0.000017 seconds.
  path: Assets/Art/Sprites/tilesets/MapTiles/plains_63.asset
  artifactKey: Guid(6871c543f2f1e8a458b21d3507896cf2) Importer(815301076,1909f56bfc062723c751e8b465ee728b)
Start importing Assets/Art/Sprites/tilesets/MapTiles/plains_63.asset using Guid(6871c543f2f1e8a458b21d3507896cf2) Importer(815301076,1909f56bfc062723c751e8b465ee728b)  -> (artifact id: '438a356961c168e2f1e3c4e86f28d1ff') in 0.011093 seconds 
========================================================================
Received Import Request.
  Time since last request: 0.000025 seconds.
  path: Assets/Art/Sprites/tilesets/MapTiles/plains_6.asset
  artifactKey: Guid(b011fbb67b9f51e4199e141792d5a418) Importer(815301076,1909f56bfc062723c751e8b465ee728b)
Start importing Assets/Art/Sprites/tilesets/MapTiles/plains_6.asset using Guid(b011fbb67b9f51e4199e141792d5a418) Importer(815301076,1909f56bfc062723c751e8b465ee728b)  -> (artifact id: '1c81046280753069e36c6775026b9b1b') in 0.009944 seconds 
========================================================================
Received Import Request.
  Time since last request: 0.000019 seconds.
  path: Assets/Art/Sprites/tilesets/MapTiles/plains_41.asset
  artifactKey: Guid(5c23fbd4229dffa4d855588fd3d20e3c) Importer(815301076,1909f56bfc062723c751e8b465ee728b)
Start importing Assets/Art/Sprites/tilesets/MapTiles/plains_41.asset using Guid(5c23fbd4229dffa4d855588fd3d20e3c) Importer(815301076,1909f56bfc062723c751e8b465ee728b)  -> (artifact id: '98a5cd0e06c90517f16470f2446ef719') in 0.010681 seconds 
========================================================================
Received Import Request.
  Time since last request: 0.000017 seconds.
  path: Assets/Art/Sprites/tilesets/MapTiles/plains_26.asset
  artifactKey: Guid(b2dbee86e99697a47942e919d50c2736) Importer(815301076,1909f56bfc062723c751e8b465ee728b)
Start importing Assets/Art/Sprites/tilesets/MapTiles/plains_26.asset using Guid(b2dbee86e99697a47942e919d50c2736) Importer(815301076,1909f56bfc062723c751e8b465ee728b)  -> (artifact id: '9bafde8151b83744641e06236a8eac65') in 0.011158 seconds 
========================================================================
Received Import Request.
  Time since last request: 0.000022 seconds.
  path: Assets/Art/Sprites/tilesets/MapTiles/plains_17.asset
  artifactKey: Guid(f124f3f3b97c3e4458240b0dfb40aaae) Importer(815301076,1909f56bfc062723c751e8b465ee728b)
Start importing Assets/Art/Sprites/tilesets/MapTiles/plains_17.asset using Guid(f124f3f3b97c3e4458240b0dfb40aaae) Importer(815301076,1909f56bfc062723c751e8b465ee728b)  -> (artifact id: '8531d1898cbd9b9c3e6803009bef9b3c') in 0.011649 seconds 
========================================================================
Received Import Request.
  Time since last request: 0.000018 seconds.
  path: Assets/Art/Sprites/tilesets/MapTiles/plains_43.asset
  artifactKey: Guid(419794953bd2d804fad5387f5b1cea37) Importer(815301076,1909f56bfc062723c751e8b465ee728b)
Start importing Assets/Art/Sprites/tilesets/MapTiles/plains_43.asset using Guid(419794953bd2d804fad5387f5b1cea37) Importer(815301076,1909f56bfc062723c751e8b465ee728b)  -> (artifact id: 'e83614cbbf62b3f2c0f11ba4106c2b84') in 0.012837 seconds 
========================================================================
Received Import Request.
  Time since last request: 0.000018 seconds.
  path: Assets/Art/Sprites/tilesets/MapTiles/plains_38.asset
  artifactKey: Guid(bc401124685721548b5e0fae4c179a7e) Importer(815301076,1909f56bfc062723c751e8b465ee728b)
Start importing Assets/Art/Sprites/tilesets/MapTiles/plains_38.asset using Guid(bc401124685721548b5e0fae4c179a7e) Importer(815301076,1909f56bfc062723c751e8b465ee728b)  -> (artifact id: 'a1d73bf4746ed1bc45bf1bad02e54b60') in 0.012147 seconds 
========================================================================
Received Import Request.
  Time since last request: 0.000025 seconds.
  path: Assets/Art/Sprites/tilesets/MapTiles/plains_15.asset
  artifactKey: Guid(011d607f10b4fa142aa95bb42b2a1581) Importer(815301076,1909f56bfc062723c751e8b465ee728b)
Start importing Assets/Art/Sprites/tilesets/MapTiles/plains_15.asset using Guid(011d607f10b4fa142aa95bb42b2a1581) Importer(815301076,1909f56bfc062723c751e8b465ee728b)  -> (artifact id: '75bb1f9c13c0b6e13a18909255c1012d') in 0.011884 seconds 
========================================================================
Received Import Request.
  Time since last request: 0.000039 seconds.
  path: Assets/Art/Sprites/tilesets/MapTiles/plains_27.asset
  artifactKey: Guid(402d5646820c4b34fbcea816cf6bf214) Importer(815301076,1909f56bfc062723c751e8b465ee728b)
Start importing Assets/Art/Sprites/tilesets/MapTiles/plains_27.asset using Guid(402d5646820c4b34fbcea816cf6bf214) Importer(815301076,1909f56bfc062723c751e8b465ee728b)  -> (artifact id: '459742337e2a985ad166642474010b1a') in 0.010318 seconds 
========================================================================
Received Import Request.
  Time since last request: 0.000028 seconds.
  path: Assets/Art/Sprites/tilesets/MapTiles/plains_50.asset
  artifactKey: Guid(4d3557ca84b92b24aa3d0968b3350503) Importer(815301076,1909f56bfc062723c751e8b465ee728b)
Start importing Assets/Art/Sprites/tilesets/MapTiles/plains_50.asset using Guid(4d3557ca84b92b24aa3d0968b3350503) Importer(815301076,1909f56bfc062723c751e8b465ee728b)  -> (artifact id: '461c5776c7cc34a0f09489142128bac4') in 0.010944 seconds 
========================================================================
Received Import Request.
  Time since last request: 0.000023 seconds.
  path: Assets/Art/Sprites/tilesets/MapTiles/plains_55.asset
  artifactKey: Guid(a118d876d4370ee4f95a2d782fe6c7f0) Importer(815301076,1909f56bfc062723c751e8b465ee728b)
Start importing Assets/Art/Sprites/tilesets/MapTiles/plains_55.asset using Guid(a118d876d4370ee4f95a2d782fe6c7f0) Importer(815301076,1909f56bfc062723c751e8b465ee728b)  -> (artifact id: 'cad7ab8be223421eed3b6148a7a0104f') in 0.009546 seconds 
========================================================================
Received Import Request.
  Time since last request: 0.000017 seconds.
  path: Assets/Art/Sprites/tilesets/MapTiles/plains_46.asset
  artifactKey: Guid(ae6c1ff4b915e6e48b3bf664f3114f99) Importer(815301076,1909f56bfc062723c751e8b465ee728b)
Start importing Assets/Art/Sprites/tilesets/MapTiles/plains_46.asset using Guid(ae6c1ff4b915e6e48b3bf664f3114f99) Importer(815301076,1909f56bfc062723c751e8b465ee728b)  -> (artifact id: '9888798e09b4e928913f8ee1c6dff31f') in 0.010169 seconds 
========================================================================
Received Import Request.
  Time since last request: 0.000026 seconds.
  path: Assets/Art/Sprites/tilesets/MapTiles/plains_45.asset
  artifactKey: Guid(bb494b530f76a8446bfe31c38da2de49) Importer(815301076,1909f56bfc062723c751e8b465ee728b)
Start importing Assets/Art/Sprites/tilesets/MapTiles/plains_45.asset using Guid(bb494b530f76a8446bfe31c38da2de49) Importer(815301076,1909f56bfc062723c751e8b465ee728b)  -> (artifact id: '2a5fddbaf791da71f3d2b70ab905cea0') in 0.011225 seconds 
========================================================================
Received Import Request.
  Time since last request: 0.000023 seconds.
  path: Assets/Art/Sprites/tilesets/MapTiles/plains_29.asset
  artifactKey: Guid(8a2af116e31777f44a97fae1001ca3ab) Importer(815301076,1909f56bfc062723c751e8b465ee728b)
Start importing Assets/Art/Sprites/tilesets/MapTiles/plains_29.asset using Guid(8a2af116e31777f44a97fae1001ca3ab) Importer(815301076,1909f56bfc062723c751e8b465ee728b)  -> (artifact id: '008a9d9fe87f88c20c782f2c516cc4c6') in 0.009672 seconds 
========================================================================
Received Import Request.
  Time since last request: 0.000023 seconds.
  path: Assets/Art/Sprites/tilesets/MapTiles/plains_5.asset
  artifactKey: Guid(3527c3d1f3ffb2141bf061726f8d7039) Importer(815301076,1909f56bfc062723c751e8b465ee728b)
Start importing Assets/Art/Sprites/tilesets/MapTiles/plains_5.asset using Guid(3527c3d1f3ffb2141bf061726f8d7039) Importer(815301076,1909f56bfc062723c751e8b465ee728b)  -> (artifact id: '3f91cc5c8ede34dc8a10f47314c15fb4') in 0.010117 seconds 
========================================================================
Received Import Request.
  Time since last request: 0.000021 seconds.
  path: Assets/Art/Sprites/tilesets/MapTiles/plains_36.asset
  artifactKey: Guid(58a84949af31abe4bb0df5c50552e97a) Importer(815301076,1909f56bfc062723c751e8b465ee728b)
Start importing Assets/Art/Sprites/tilesets/MapTiles/plains_36.asset using Guid(58a84949af31abe4bb0df5c50552e97a) Importer(815301076,1909f56bfc062723c751e8b465ee728b)  -> (artifact id: '6943c201f740026070665751838d1734') in 0.012120 seconds 
========================================================================
Received Import Request.
  Time since last request: 0.000014 seconds.
  path: Assets/Art/Sprites/tilesets/MapTiles/plains_61.asset
  artifactKey: Guid(d8058f3929a2cab4f8a21fa7bfacd542) Importer(815301076,1909f56bfc062723c751e8b465ee728b)
Start importing Assets/Art/Sprites/tilesets/MapTiles/plains_61.asset using Guid(d8058f3929a2cab4f8a21fa7bfacd542) Importer(815301076,1909f56bfc062723c751e8b465ee728b)  -> (artifact id: 'f7ae25ac9cdb82974edfcd5dfe19b72a') in 0.009733 seconds 
Editor requested this worker to shutdown with reason: Scaling down because of idle timeout
AssetImportWorker is now disconnected from the server
Process exiting
Exiting without the bug reporter. Application will terminate with return code 0